==========================================================================
| ACPYPE: AnteChamber PYthon Parser interfacE v. 2022.6.6 (c) 2024 AWSdS |
==========================================================================
DEBUG: CLI: -p ATP.prmtop -x ATP.crd -o gmx
DEBUG: Python Version 3.9.10 | packaged by conda-forge | (main, Feb 1 2022, 21:28:27) 
[Clang 11.1.0 ]
Converting Amber input files to Gromacs ...
DEBUG: prmtop and inpcrd files loaded
WARNING: residue label 'atp' in 'ATP.prmtop' is not all UPPERCASE
WARNING: this may raise problem with some applications like CNS
DEBUG: basename defined = 'atp'
DEBUG: getCoords done
DEBUG: getABCOEFs done
DEBUG: charge to be balanced: total -4.0000000011
DEBUG: balanceCharges done
DEBUG: Balanced TotalCharge -4.0000000000
DEBUG: PBC = None
DEBUG: getAtoms done
DEBUG: getBonds done
DEBUG: getAngles done
DEBUG: getDihedrals done
==> Writing GROMACS files

==> Disambiguating lower and uppercase atomtypes in GMX top file, even if identical.

DEBUG: writing GRO file
DEBUG: Box size estimated
DEBUG: writing POSRE file
DEBUG: atomTypes 19
DEBUG: GMX atomtypes done
DEBUG: atoms 43
DEBUG: GMX atoms done
DEBUG: bonds 45
DEBUG: GMX bonds done
DEBUG: atomPairs 91
DEBUG: GMX pairs done
DEBUG: angles 78
DEBUG: GMX angles done
DEBUG: setProperDihedralsCoef done
DEBUG: properDihedralsCoefRB 104
DEBUG: properDihedralsAlphaGamma 0
DEBUG: properDihedralsGmx45 114
==> Writing GMX dihedrals for GMX 4.5 and higher.

DEBUG: GMX special proper dihedrals done
DEBUG: improperDihedrals 5
DEBUG: GMX improper dihedrals done
DEBUG: prmtop and inpcrd files parsed
Total time of execution: less than a second
DEBUG: No tmp folder left to be removed
